00:00:00.002466 main     VirtualBox COM Server 6.1.36 r152435 win.amd64 (Jul 19 2022 21:51:27) release log
00:00:00.002468 main     Log opened 2022-08-02T23:54:39.998984700Z
00:00:00.002469 main     Build Type: release
00:00:00.002474 main     OS Product: Windows 10
00:00:00.002475 main     OS Release: 10.0.19044
00:00:00.002476 main     OS Service Pack: 
00:00:00.031849 main     DMI Product Name: To be filled by O.E.M.
00:00:00.046359 main     DMI Product Version: To be filled by O.E.M.
00:00:00.046373 main     Firmware type: UEFI
00:00:00.046712 main     Secure Boot: VERR_PRIVILEGE_NOT_HELD
00:00:00.046734 main     Host RAM: 8156MB (7.9GB) total, 6263MB (6.1GB) available
00:00:00.046739 main     Executable: C:\Program Files\Oracle\VirtualBox\VBoxSVC.exe
00:00:00.046740 main     Process ID: 6792
00:00:00.046740 main     Package type: WINDOWS_64BITS_GENERIC
00:00:00.175159          VirtualBox: object creation starts
00:00:00.175398          Home directory: 'C:\Users\mathe\.VirtualBox'
00:00:00.175502          Installed Drivers:
00:00:00.215996            C:\Windows\system32\DRIVERS\VBoxUSBMon.sys (Version: 6.1.36.2435)
00:00:00.268872            C:\Windows\system32\DRIVERS\VBoxSup.sys (Version: 6.1.36.2435)
00:00:00.463411            C:\Windows\system32\DRIVERS\VBoxNetAdp6.sys (Version: 6.1.36.2435)
00:00:00.474207          Loading settings file "C:\Users\mathe\.VirtualBox\VirtualBox.xml" with version "1.12-windows"
00:00:00.478236          usbLibGetDevices: Starting USB device enumeration
00:00:00.478457          Getting USB descriptor (id 0) failed (dwErr=31) on hub USB#VID_8087&PID_0024#5&1f0955ab&0&1#{f18a0e88-c30c-11d0-8815-00a0c906bed8} port 1
00:00:00.497201          usbLibGetDevices: Found 5 USB devices, 0 captured
00:00:00.497329          USB: Unknown USB device detected (idVendor: 0x0c45, idProduct: 0x64ab)
00:00:00.660010          netIfGetBoundAdapters: could not find either 'oracle_VBoxNetLwf' or 'sun_VBoxNetFlt' components (0x1)
00:00:00.666244          HostDnsMonitor: initializing
00:00:00.674476          HostDnsMonitor: updating information
00:00:00.674505          HostDnsMonitor: old information
00:00:00.674506            no server entries
00:00:00.674507            no domain set
00:00:00.674508            no search string entries
00:00:00.674508          HostDnsMonitor: new information
00:00:00.674509            server 1: 192.168.0.1
00:00:00.674510            domain: www.tendawifi.com
00:00:00.674510            no search string entries
00:00:00.755368          VD: VDInit finished with VINF_SUCCESS
00:00:00.766696          Loading settings file "C:\Users\mathe\VirtualBox VMs\teste1\teste1.vbox" with version "1.15-windows"
00:00:00.777410          Loading settings file "C:\Users\mathe\VirtualBox VMs\windows 8\windows 8.vbox" with version "1.15-windows"
00:00:00.780228          VirtualBox: object created
00:00:09.382574          Launched VM: 66947312 pid: 10280 (0x2828) frontend: GUI/Qt name: windows 8
00:00:16.082527 USBPROXY usbLibGetDevices: Starting USB device enumeration
00:00:16.107471 USBPROXY usbLibGetDevices: Found 5 USB devices, 0 captured
00:00:18.592083          ERROR [COM]: aRC=VBOX_E_OBJECT_NOT_FOUND (0x80bb0001) aIID={70401eef-c8e9-466b-9660-45cb3e9979e4} aComponent={ExtPackManagerWrap} aText={No extension pack by the name 'Oracle VM VirtualBox Extension Pack' was found}, preserve=false aResultDetail=0
00:00:18.985061          ERROR [COM]: aRC=VBOX_E_IPRT_ERROR (0x80bb0005) aIID={85632c68-b5bb-4316-a900-5eb28d3413df} aComponent={SessionMachine} aText={Saved screenshot data is not available (VERR_NOT_SUPPORTED)}, preserve=false aResultDetail=-37
00:00:19.311901          netIfGetBoundAdapters: could not find either 'oracle_VBoxNetLwf' or 'sun_VBoxNetFlt' components (0x1)
00:01:17.326343 USBPROXY usbLibGetDevices: Starting USB device enumeration
00:01:17.326584 USBPROXY Getting USB descriptor (id 0) failed (dwErr=31) on hub USB#VID_8087&PID_0024#5&1f0955ab&0&1#{f18a0e88-c30c-11d0-8815-00a0c906bed8} port 1
00:01:17.343730 USBPROXY usbLibGetDevices: Found 5 USB devices, 0 captured
00:01:26.765814          Saving settings file "C:\Users\mathe\VirtualBox VMs\windows 8\windows 8.vbox" with version "1.15-windows"
00:01:26.817075          Saving settings file "C:\Users\mathe\VirtualBox VMs\windows 8\windows 8.vbox" with version "1.15-windows"
00:01:27.354462          Saving settings file "C:\Users\mathe\VirtualBox VMs\windows 8\windows 8.vbox" with version "1.15-windows"
00:01:31.998702          Launched VM: 67240928 pid: 1720 (0x6b8) frontend: headless name: windows 8
00:01:42.342128 USBPROXY usbLibGetDevices: Starting USB device enumeration
00:01:42.342369 USBPROXY Getting USB descriptor (id 0) failed (dwErr=31) on hub USB#VID_8087&PID_0024#5&1f0955ab&0&1#{f18a0e88-c30c-11d0-8815-00a0c906bed8} port 1
00:01:42.359287 USBPROXY usbLibGetDevices: Found 5 USB devices, 0 captured
00:02:42.048698          Launched VM: 67436944 pid: 9444 (0x24e4) frontend: separate name: windows 8
00:02:42.379065          ERROR [COM]: aRC=VBOX_E_INVALID_OBJECT_STATE (0x80bb0007) aIID={85632c68-b5bb-4316-a900-5eb28d3413df} aComponent={MachineWrap} aText={The machine 'windows 8' is already locked by a session (or being locked or unlocked)}, preserve=false aResultDetail=0
00:02:43.183674          ERROR [COM]: aRC=VBOX_E_OBJECT_NOT_FOUND (0x80bb0001) aIID={70401eef-c8e9-466b-9660-45cb3e9979e4} aComponent={ExtPackManagerWrap} aText={No extension pack by the name 'Oracle VM VirtualBox Extension Pack' was found}, preserve=false aResultDetail=0
00:02:43.259806          ERROR [COM]: aRC=VBOX_E_IPRT_ERROR (0x80bb0005) aIID={85632c68-b5bb-4316-a900-5eb28d3413df} aComponent={SessionMachine} aText={Saved screenshot data is not available (VERR_NOT_SUPPORTED)}, preserve=false aResultDetail=-37
00:02:43.424409          netIfGetBoundAdapters: could not find either 'oracle_VBoxNetLwf' or 'sun_VBoxNetFlt' components (0x1)
00:03:02.971203          Saving settings file "C:\Users\mathe\VirtualBox VMs\windows 8\windows 8.vbox" with version "1.15-windows"
00:03:09.220747          Saving settings file "C:\Users\mathe\.VirtualBox\VirtualBox.xml" with version "1.12-windows"
00:03:23.986719 createBase Saving settings file "C:\Users\mathe\.VirtualBox\VirtualBox.xml" with version "1.12-windows"
00:03:24.513212          Saving settings file "C:\Users\mathe\VirtualBox VMs\teste2\teste2.vbox" with version "1.15-windows"
00:03:24.519030          Saving settings file "C:\Users\mathe\VirtualBox VMs\teste2\teste2.vbox" with version "1.15-windows"
00:03:24.524390          Saving settings file "C:\Users\mathe\.VirtualBox\VirtualBox.xml" with version "1.12-windows"
00:03:24.532501          Saving settings file "C:\Users\mathe\.VirtualBox\VirtualBox.xml" with version "1.12-windows"
00:03:24.539153          Saving settings file "C:\Users\mathe\VirtualBox VMs\teste2\teste2.vbox" with version "1.15-windows"
00:03:26.469597          Launched VM: 67241264 pid: 10704 (0x29d0) frontend: GUI/Qt name: teste2
00:03:32.047565          ERROR [COM]: aRC=VBOX_E_OBJECT_NOT_FOUND (0x80bb0001) aIID={70401eef-c8e9-466b-9660-45cb3e9979e4} aComponent={ExtPackManagerWrap} aText={No extension pack by the name 'Oracle VM VirtualBox Extension Pack' was found}, preserve=false aResultDetail=0
00:03:32.343439          ERROR [COM]: aRC=VBOX_E_IPRT_ERROR (0x80bb0005) aIID={85632c68-b5bb-4316-a900-5eb28d3413df} aComponent={SessionMachine} aText={Saved screenshot data is not available (VERR_NOT_SUPPORTED)}, preserve=false aResultDetail=-37
00:03:32.565765          netIfGetBoundAdapters: could not find either 'oracle_VBoxNetLwf' or 'sun_VBoxNetFlt' components (0x1)
00:03:39.570940          Saving settings file "C:\Users\mathe\VirtualBox VMs\teste2\teste2.vbox" with version "1.15-windows"
00:14:50.291363 USBPROXY usbLibGetDevices: Starting USB device enumeration
00:14:50.291588 USBPROXY Getting USB descriptor (id 0) failed (dwErr=31) on hub USB#VID_8087&PID_0024#5&1f0955ab&0&1#{f18a0e88-c30c-11d0-8815-00a0c906bed8} port 1
00:14:50.366427 USBPROXY usbLibGetDevices: Found 5 USB devices, 0 captured
00:14:51.183536 USBPROXY usbLibGetDevices: Starting USB device enumeration
00:14:51.183761 USBPROXY Getting USB descriptor (id 0) failed (dwErr=31) on hub USB#VID_8087&PID_0024#5&1f0955ab&0&1#{f18a0e88-c30c-11d0-8815-00a0c906bed8} port 1
00:14:51.336288 USBPROXY usbLibGetDevices: Found 5 USB devices, 0 captured
00:23:10.415369          Saving settings file "C:\Users\mathe\VirtualBox VMs\teste2\teste2.vbox" with version "1.15-windows"
00:23:10.458678          ERROR [COM]: aRC=VBOX_E_IPRT_ERROR (0x80bb0005) aIID={85632c68-b5bb-4316-a900-5eb28d3413df} aComponent={SessionMachine} aText={Saved screenshot data is not available (VERR_NOT_SUPPORTED)}, preserve=false aResultDetail=-37
00:26:52.998198          netIfGetBoundAdapters: could not find either 'oracle_VBoxNetLwf' or 'sun_VBoxNetFlt' components (0x1)
00:26:53.017350          netIfGetBoundAdapters: could not find either 'oracle_VBoxNetLwf' or 'sun_VBoxNetFlt' components (0x1)
00:27:15.054027          Saving settings file "C:\Users\mathe\VirtualBox VMs\teste2\teste2.vbox" with version "1.15-windows"
00:27:50.154883          Saving settings file "C:\Users\mathe\VirtualBox VMs\teste2\teste2.vbox" with version "1.15-windows"
00:27:50.215126          Saving settings file "C:\Users\mathe\VirtualBox VMs\teste2\teste2.vbox" with version "1.15-windows"
00:27:50.841347          Saving settings file "C:\Users\mathe\VirtualBox VMs\teste2\teste2.vbox" with version "1.15-windows"
00:27:50.873403          Saving settings file "C:\Users\mathe\VirtualBox VMs\teste2\teste2.vbox" with version "1.15-windows"
00:58:18.485385 MainPower Host suspending: Paused 0 VMs
01:24:33.233285 MainPower Host resumed: Resumed 0 VMs
01:24:34.252948 USBPROXY usbLibGetDevices: Starting USB device enumeration
01:24:34.253245 USBPROXY Getting USB descriptor (id 0) failed (dwErr=31) on hub USB#VID_8087&PID_0024#5&1f0955ab&0&1#{f18a0e88-c30c-11d0-8815-00a0c906bed8} port 1
01:24:34.273017 USBPROXY usbLibGetDevices: Found 5 USB devices, 0 captured
01:24:35.143266 dns-monitor HostDnsMonitor: updating information
01:24:35.143292 dns-monitor HostDnsMonitor: unchanged
01:24:38.893529          Launched VM: 67417120 pid: 2160 (0x870) frontend: GUI/Qt name: teste2
01:24:42.624608 USBPROXY usbLibGetDevices: Starting USB device enumeration
01:24:42.624823 USBPROXY Getting USB descriptor (id 0) failed (dwErr=31) on hub USB#VID_8087&PID_0024#5&1f0955ab&0&1#{f18a0e88-c30c-11d0-8815-00a0c906bed8} port 1
01:24:42.642182 USBPROXY usbLibGetDevices: Found 5 USB devices, 0 captured
01:24:44.984372 USBPROXY usbLibGetDevices: Starting USB device enumeration
01:24:44.984625 USBPROXY Getting USB descriptor (id 0) failed (dwErr=31) on hub USB#VID_8087&PID_0024#5&1f0955ab&0&1#{f18a0e88-c30c-11d0-8815-00a0c906bed8} port 1
01:24:45.002035 USBPROXY usbLibGetDevices: Found 5 USB devices, 0 captured
01:24:47.436309          ERROR [COM]: aRC=VBOX_E_OBJECT_NOT_FOUND (0x80bb0001) aIID={70401eef-c8e9-466b-9660-45cb3e9979e4} aComponent={ExtPackManagerWrap} aText={No extension pack by the name 'Oracle VM VirtualBox Extension Pack' was found}, preserve=false aResultDetail=0
01:24:52.904714          ERROR [COM]: aRC=VBOX_E_IPRT_ERROR (0x80bb0005) aIID={85632c68-b5bb-4316-a900-5eb28d3413df} aComponent={SessionMachine} aText={Saved screenshot data is not available (VERR_NOT_SUPPORTED)}, preserve=false aResultDetail=-37
01:24:53.009064          netIfGetBoundAdapters: could not find either 'oracle_VBoxNetLwf' or 'sun_VBoxNetFlt' components (0x1)
01:24:55.071930          Saving settings file "C:\Users\mathe\.VirtualBox\VirtualBox.xml" with version "1.12-windows"
01:24:55.093332          Saving settings file "C:\Users\mathe\.VirtualBox\VirtualBox.xml" with version "1.12-windows"
01:24:55.101180          Saving settings file "C:\Users\mathe\.VirtualBox\VirtualBox.xml" with version "1.12-windows"
01:25:02.333014          Saving settings file "C:\Users\mathe\VirtualBox VMs\teste2\teste2.vbox" with version "1.15-windows"
01:25:02.846730          Saving settings file "C:\Users\mathe\VirtualBox VMs\teste2\teste2.vbox" with version "1.15-windows"
01:25:02.861239          Saving settings file "C:\Users\mathe\VirtualBox VMs\teste2\teste2.vbox" with version "1.15-windows"
01:25:08.385294 main     VirtualBox: object deletion starts
01:25:08.385362 main     ERROR [COM]: aRC=VBOX_E_OBJECT_IN_USE (0x80bb000c) aIID={ad47ad09-787b-44ab-b343-a082a3f2dfb1} aComponent={MediumWrap} aText={Medium 'C:\Users\mathe\VirtualBox VMs\teste1\teste1.vdi' cannot be closed because it is still attached to 1 virtual machines}, preserve=false aResultDetail=0
01:25:08.386058 main     ERROR [COM]: aRC=VBOX_E_OBJECT_IN_USE (0x80bb000c) aIID={ad47ad09-787b-44ab-b343-a082a3f2dfb1} aComponent={MediumWrap} aText={Medium 'C:\Users\mathe\VirtualBox VMs\teste2\teste2.vdi' cannot be closed because it is still attached to 1 virtual machines}, preserve=false aResultDetail=0
01:25:08.387259 main     HostDnsMonitor: shutting down ...
01:25:08.387318 main     HostDnsMonitor: shut down
01:25:08.389841 Watcher  ERROR [COM]: aRC=E_ACCESSDENIED (0x80070005) aIID={d0a0163f-e254-4e5b-a1f2-011cf991c38d} aComponent={VirtualBoxWrap} aText={The object is not ready}, preserve=false aResultDetail=0
01:25:08.390052 main     VirtualBox: object deleted
